<?xml version="1.0" encoding="UTF-8"?>
<!-- Generated by org.testng.reporters.JUnitReportReporter -->
<testsuite hostname="Jays-MacBook-Air.local" failures="0" tests="1" name="postRequest" time="2.838" errors="0" timestamp="2022-05-03T14:28:00 EDT" skipped="0">
  <testcase classname="postRequest" name="put_req" time="2.838"/>
  <system-out/>
</testsuite> <!-- postRequest -->
