<?xml version="1.0" encoding="UTF-8"?>
<!-- Generated by org.testng.reporters.JUnitReportReporter -->
<testsuite hostname="Jays-MacBook-Air.local" failures="0" tests="1" name="deleteRequest" time="2.914" errors="0" timestamp="2022-05-03T14:44:39 EDT" skipped="0">
  <testcase classname="deleteRequest" name="deleterequest" time="2.914"/>
  <system-out/>
</testsuite> <!-- deleteRequest -->
