<?xml version="1.0" encoding="UTF-8"?>
<!-- Generated by org.testng.reporters.JUnitReportReporter -->
<testsuite hostname="Jays-MacBook-Air.local" failures="0" tests="4" name="dataDrivenExample" time="2.415" errors="0" timestamp="2022-05-04T15:28:41 EDT" skipped="0">
  <testcase classname="dataDrivenExample" name="test_delete" time="0.062"/>
  <system-out/>
  <testcase classname="dataDrivenExample" name="test_delete" time="0.028"/>
  <system-out/>
  <testcase classname="dataDrivenExample" name="test_delete" time="0.028"/>
  <system-out/>
  <testcase classname="dataDrivenExample" name="test_delete" time="2.297"/>
  <system-out/>
</testsuite> <!-- dataDrivenExample -->
