<?xml version="1.0" encoding="UTF-8"?>
<!-- Generated by org.testng.reporters.JUnitReportReporter -->
<testsuite hostname="Jays-MacBook-Air.local" failures="0" tests="1" name="GetRequest1" time="3.706" errors="0" timestamp="2022-05-02T17:37:00 EDT" skipped="0">
  <testcase classname="GetRequest1" name="test2" time="3.706"/>
  <system-out/>
</testsuite> <!-- GetRequest1 -->
