<?xml version="1.0" encoding="UTF-8"?>
<!-- Generated by org.testng.reporters.JUnitReportReporter -->
<testsuite hostname="Jays-MacBook-Air.local" failures="0" tests="1" name="put" time="2.920" errors="0" timestamp="2022-05-03T14:38:18 EDT" skipped="0">
  <testcase classname="put" name="put_test" time="2.920"/>
  <system-out/>
</testsuite> <!-- put -->
