<?xml version="1.0" encoding="UTF-8"?>
<!-- Generated by org.testng.reporters.JUnitReportReporter -->
<testsuite hostname="Jays-MacBook-Air.local" failures="0" tests="1" name="putRequest" time="2.829" errors="0" timestamp="2022-05-03T14:18:28 EDT" skipped="0">
  <testcase classname="putRequest" name="put_req" time="2.829"/>
  <system-out/>
</testsuite> <!-- putRequest -->
