<?xml version="1.0" encoding="UTF-8"?>
<!-- Generated by org.testng.reporters.JUnitReportReporter -->
<testsuite hostname="Jays-MacBook-Air.local" failures="0" tests="1" name="examples" time="2.213" errors="0" timestamp="2022-05-04T14:49:41 EDT" skipped="0">
  <testcase classname="examples" name="test_delete" time="2.213"/>
  <system-out/>
</testsuite> <!-- examples -->
